2016-07-15 15:12:15 [-][-][-][error][yii\db\Exception] exception 'PDOException' with message 'SQLSTATE[HY000] [1049] Unknown database 'yii2advanced'' in C:\wamp\www\advanced\vendor\yiisoft\yii2\db\Connection.php:603
Stack trace:
#0 C:\wamp\www\advanced\vendor\yiisoft\yii2\db\Connection.php(603): PDO->__construct('mysql:host=loca...', 'root', '', NULL)
#1 C:\wamp\www\advanced\vendor\yiisoft\yii2\db\Connection.php(545): yii\db\Connection->createPdoInstance()
#2 C:\wamp\www\advanced\vendor\yiisoft\yii2\db\Connection.php(864): yii\db\Connection->open()
#3 C:\wamp\www\advanced\vendor\yiisoft\yii2\db\Connection.php(851): yii\db\Connection->getMasterPdo()
#4 C:\wamp\www\advanced\vendor\yiisoft\yii2\db\Command.php(219): yii\db\Connection->getSlavePdo()
#5 C:\wamp\www\advanced\vendor\yiisoft\yii2\db\Command.php(894): yii\db\Command->prepare(true)
#6 C:\wamp\www\advanced\vendor\yiisoft\yii2\db\Command.php(362): yii\db\Command->queryInternal('fetchAll', NULL)
#7 C:\wamp\www\advanced\vendor\yiisoft\yii2\db\mysql\Schema.php(198): yii\db\Command->queryAll()
#8 C:\wamp\www\advanced\vendor\yiisoft\yii2\db\mysql\Schema.php(97): yii\db\mysql\Schema->findColumns(Object(yii\db\TableSchema))
#9 C:\wamp\www\advanced\vendor\yiisoft\yii2\db\Schema.php(149): yii\db\mysql\Schema->loadTableSchema('migration')
#10 C:\wamp\www\advanced\vendor\yiisoft\yii2\console\controllers\MigrateController.php(178): yii\db\Schema->getTableSchema('{{%migration}}', true)
#11 C:\wamp\www\advanced\vendor\yiisoft\yii2\console\controllers\BaseMigrateController.php(627): yii\console\controllers\MigrateController->getMigrationHistory(NULL)
#12 C:\wamp\www\advanced\vendor\yiisoft\yii2\console\controllers\BaseMigrateController.php(102): yii\console\controllers\BaseMigrateController->getNewMigrations()
#13 [internal function]: yii\console\controllers\BaseMigrateController->actionUp(0)
#14 C:\wamp\www\advanced\vendor\yiisoft\yii2\base\InlineAction.php(55): call_user_func_array(Array, Array)
#15 C:\wamp\www\advanced\vendor\yiisoft\yii2\base\Controller.php(154): yii\base\InlineAction->runWithParams(Array)
#16 C:\wamp\www\advanced\vendor\yiisoft\yii2\console\Controller.php(119): yii\base\Controller->runAction('', Array)
#17 C:\wamp\www\advanced\vendor\yiisoft\yii2\base\Module.php(454): yii\console\Controller->runAction('', Array)
#18 C:\wamp\www\advanced\vendor\yiisoft\yii2\console\Application.php(180): yii\base\Module->runAction('migrate', Array)
#19 C:\wamp\www\advanced\vendor\yiisoft\yii2\console\Application.php(147): yii\console\Application->runAction('migrate', Array)
#20 C:\wamp\www\advanced\vendor\yiisoft\yii2\base\Application.php(375): yii\console\Application->handleRequest(Object(yii\console\Request))
#21 C:\wamp\www\advanced\yii(27): yii\base\Application->run()
#22 {main}

Next exception 'yii\db\Exception' with message 'SQLSTATE[HY000] [1049] Unknown database 'yii2advanced'' in C:\wamp\www\advanced\vendor\yiisoft\yii2\db\Connection.php:550
Stack trace:
#0 C:\wamp\www\advanced\vendor\yiisoft\yii2\db\Connection.php(864): yii\db\Connection->open()
#1 C:\wamp\www\advanced\vendor\yiisoft\yii2\db\Connection.php(851): yii\db\Connection->getMasterPdo()
#2 C:\wamp\www\advanced\vendor\yiisoft\yii2\db\Command.php(219): yii\db\Connection->getSlavePdo()
#3 C:\wamp\www\advanced\vendor\yiisoft\yii2\db\Command.php(894): yii\db\Command->prepare(true)
#4 C:\wamp\www\advanced\vendor\yiisoft\yii2\db\Command.php(362): yii\db\Command->queryInternal('fetchAll', NULL)
#5 C:\wamp\www\advanced\vendor\yiisoft\yii2\db\mysql\Schema.php(198): yii\db\Command->queryAll()
#6 C:\wamp\www\advanced\vendor\yiisoft\yii2\db\mysql\Schema.php(97): yii\db\mysql\Schema->findColumns(Object(yii\db\TableSchema))
#7 C:\wamp\www\advanced\vendor\yiisoft\yii2\db\Schema.php(149): yii\db\mysql\Schema->loadTableSchema('migration')
#8 C:\wamp\www\advanced\vendor\yiisoft\yii2\console\controllers\MigrateController.php(178): yii\db\Schema->getTableSchema('{{%migration}}', true)
#9 C:\wamp\www\advanced\vendor\yiisoft\yii2\console\controllers\BaseMigrateController.php(627): yii\console\controllers\MigrateController->getMigrationHistory(NULL)
#10 C:\wamp\www\advanced\vendor\yiisoft\yii2\console\controllers\BaseMigrateController.php(102): yii\console\controllers\BaseMigrateController->getNewMigrations()
#11 [internal function]: yii\console\controllers\BaseMigrateController->actionUp(0)
#12 C:\wamp\www\advanced\vendor\yiisoft\yii2\base\InlineAction.php(55): call_user_func_array(Array, Array)
#13 C:\wamp\www\advanced\vendor\yiisoft\yii2\base\Controller.php(154): yii\base\InlineAction->runWithParams(Array)
#14 C:\wamp\www\advanced\vendor\yiisoft\yii2\console\Controller.php(119): yii\base\Controller->runAction('', Array)
#15 C:\wamp\www\advanced\vendor\yiisoft\yii2\base\Module.php(454): yii\console\Controller->runAction('', Array)
#16 C:\wamp\www\advanced\vendor\yiisoft\yii2\console\Application.php(180): yii\base\Module->runAction('migrate', Array)
#17 C:\wamp\www\advanced\vendor\yiisoft\yii2\console\Application.php(147): yii\console\Application->runAction('migrate', Array)
#18 C:\wamp\www\advanced\vendor\yiisoft\yii2\base\Application.php(375): yii\console\Application->handleRequest(Object(yii\console\Request))
#19 C:\wamp\www\advanced\yii(27): yii\base\Application->run()
#20 {main}
Additional Information:

2016-07-15 15:12:15 [-][-][-][info][application] $_SERVER = [
    'ALLUSERSPROFILE' => 'C:\\ProgramData'
    'APPDATA' => 'C:\\Users\\asus\\AppData\\Roaming'
    'CommonProgramFiles' => 'C:\\Program Files (x86)\\Common Files'
    'CommonProgramFiles(x86)' => 'C:\\Program Files (x86)\\Common Files'
    'CommonProgramW6432' => 'C:\\Program Files\\Common Files'
    'COMPUTERNAME' => 'ASUS-PC'
    'ComSpec' => 'C:\\Windows\\system32\\cmd.exe'
    'FP_NO_HOST_CHECK' => 'NO'
    'HOMEDRIVE' => 'C:'
    'HOMEPATH' => '\\Users\\asus'
    'LOCALAPPDATA' => 'C:\\Users\\asus\\AppData\\Local'
    'LOGONSERVER' => '\\\\ASUS-PC'
    'NUMBER_OF_PROCESSORS' => '4'
    'OS' => 'Windows_NT'
    'Path' => 'C:\\ImageMagick-7.0.2-Q16;C:\\RailsInstaller\\Git\\cmd;C:\\RailsInstaller\\Ruby2.2.0\\bin;C:\\Program Files (x86)\\NVIDIA Corporation\\PhysX\\Common;C:\\ProgramData\\Oracle\\Java\\javapath;C:\\Windows\\system32;C:\\Windows;C:\\Windows\\System32\\Wbem;C:\\Windows\\System32\\WindowsPowerShell\\v1.0\\;C:\\Windows\\syswow64\\config\\systemprofile\\.dnx\\bin;C:\\Program Files\\Microsoft DNX\\Dnvm\\;C:\\Program Files (x86)\\Windows Kits\\8.1\\Windows Performance Toolkit\\;C:\\Program Files\\Microsoft SQL Server\\120\\Tools\\Binn\\;C:\\Program Files\\Microsoft SQL Server\\130\\Tools\\Binn\\;C:\\Program Files (x86)\\nodejs\\;C:\\Program Files\\TortoiseGit\\bin;C:\\Program Files\\EmEditor;C:\\Program Files\\Git\\cmd;C:\\Program Files (x86)\\Skype\\Phone\\;C:\\Users\\asus\\AppData\\Roaming\\npm;C:\\Program Files (x86)\\Microsoft VS Code\\bin'
    'PATHEXT' => '.COM;.EXE;.BAT;.CMD;.VBS;.VBE;.JS;.JSE;.WSF;.WSH;.MSC'
    'PROCESSOR_ARCHITECTURE' => 'x86'
    'PROCESSOR_ARCHITEW6432' => 'AMD64'
    'PROCESSOR_IDENTIFIER' => 'Intel64 Family 6 Model 69 Stepping 1, GenuineIntel'
    'PROCESSOR_LEVEL' => '6'
    'PROCESSOR_REVISION' => '4501'
    'ProgramData' => 'C:\\ProgramData'
    'ProgramFiles' => 'C:\\Program Files (x86)'
    'ProgramFiles(x86)' => 'C:\\Program Files (x86)'
    'ProgramW6432' => 'C:\\Program Files'
    'PROMPT' => '$P$G'
    'PSModulePath' => 'C:\\Windows\\system32\\WindowsPowerShell\\v1.0\\Modules\\'
    'PUBLIC' => 'C:\\Users\\Public'
    'SESSIONNAME' => 'Console'
    'SystemDrive' => 'C:'
    'SystemRoot' => 'C:\\Windows'
    'TEMP' => 'C:\\Users\\asus\\AppData\\Local\\Temp'
    'TMP' => 'C:\\Users\\asus\\AppData\\Local\\Temp'
    'USERDOMAIN' => 'asus-PC'
    'USERNAME' => 'asus'
    'USERPROFILE' => 'C:\\Users\\asus'
    'VS140COMNTOOLS' => 'C:\\Program Files (x86)\\Microsoft Visual Studio 14.0\\Common7\\Tools\\'
    'VSSDK140Install' => 'C:\\Program Files (x86)\\Microsoft Visual Studio 14.0\\VSSDK\\'
    'windir' => 'C:\\Windows'
    'windows_tracing_flags' => '3'
    'windows_tracing_logfile' => 'C:\\BVTBin\\Tests\\installpackage\\csilogfile.log'
    'PHP_SELF' => 'yii'
    'SCRIPT_NAME' => 'yii'
    'SCRIPT_FILENAME' => 'yii'
    'PATH_TRANSLATED' => 'yii'
    'DOCUMENT_ROOT' => ''
    'REQUEST_TIME_FLOAT' => 1468595535.2925
    'REQUEST_TIME' => 1468595535
    'argv' => [
        0 => 'yii'
        1 => 'migrate'
    ]
    'argc' => 2
]
2016-07-24 20:36:09 [-][-][-][error][yii\base\InvalidConfigException] exception 'yii\base\InvalidConfigException' with message 'You should configure "authManager" component to use database before executing this migration.' in C:\wamp\www\advanced\vendor\yiisoft\yii2\rbac\migrations\m140506_102106_rbac_init.php:27
Stack trace:
#0 C:\wamp\www\advanced\vendor\yiisoft\yii2\rbac\migrations\m140506_102106_rbac_init.php(45): m140506_102106_rbac_init->getAuthManager()
#1 C:\wamp\www\advanced\vendor\yiisoft\yii2\console\controllers\BaseMigrateController.php(509): m140506_102106_rbac_init->up()
#2 C:\wamp\www\advanced\vendor\yiisoft\yii2\console\controllers\BaseMigrateController.php(130): yii\console\controllers\BaseMigrateController->migrateUp('m140506_102106_...')
#3 [internal function]: yii\console\controllers\BaseMigrateController->actionUp(0)
#4 C:\wamp\www\advanced\vendor\yiisoft\yii2\base\InlineAction.php(55): call_user_func_array(Array, Array)
#5 C:\wamp\www\advanced\vendor\yiisoft\yii2\base\Controller.php(154): yii\base\InlineAction->runWithParams(Array)
#6 C:\wamp\www\advanced\vendor\yiisoft\yii2\console\Controller.php(119): yii\base\Controller->runAction('', Array)
#7 C:\wamp\www\advanced\vendor\yiisoft\yii2\base\Module.php(454): yii\console\Controller->runAction('', Array)
#8 C:\wamp\www\advanced\vendor\yiisoft\yii2\console\Application.php(180): yii\base\Module->runAction('migrate', Array)
#9 C:\wamp\www\advanced\vendor\yiisoft\yii2\console\Application.php(147): yii\console\Application->runAction('migrate', Array)
#10 C:\wamp\www\advanced\vendor\yiisoft\yii2\base\Application.php(375): yii\console\Application->handleRequest(Object(yii\console\Request))
#11 C:\wamp\www\advanced\yii(27): yii\base\Application->run()
#12 {main}
2016-07-24 20:36:02 [-][-][-][info][application] $_SERVER = [
    'ALLUSERSPROFILE' => 'C:\\ProgramData'
    'APPDATA' => 'C:\\Users\\asus\\AppData\\Roaming'
    'CommonProgramFiles' => 'C:\\Program Files (x86)\\Common Files'
    'CommonProgramFiles(x86)' => 'C:\\Program Files (x86)\\Common Files'
    'CommonProgramW6432' => 'C:\\Program Files\\Common Files'
    'COMPUTERNAME' => 'ASUS-PC'
    'ComSpec' => 'C:\\Windows\\system32\\cmd.exe'
    'FP_NO_HOST_CHECK' => 'NO'
    'HOMEDRIVE' => 'C:'
    'HOMEPATH' => '\\Users\\asus'
    'LOCALAPPDATA' => 'C:\\Users\\asus\\AppData\\Local'
    'LOGONSERVER' => '\\\\ASUS-PC'
    'NUMBER_OF_PROCESSORS' => '4'
    'OS' => 'Windows_NT'
    'Path' => 'C:\\ImageMagick-7.0.2-Q16;C:\\RailsInstaller\\Git\\cmd;C:\\RailsInstaller\\Ruby2.2.0\\bin;C:\\Program Files (x86)\\NVIDIA Corporation\\PhysX\\Common;C:\\ProgramData\\Oracle\\Java\\javapath;C:\\Windows\\system32;C:\\Windows;C:\\Windows\\System32\\Wbem;C:\\Windows\\System32\\WindowsPowerShell\\v1.0\\;C:\\Windows\\syswow64\\config\\systemprofile\\.dnx\\bin;C:\\Program Files\\Microsoft DNX\\Dnvm\\;C:\\Program Files (x86)\\Windows Kits\\8.1\\Windows Performance Toolkit\\;C:\\Program Files\\Microsoft SQL Server\\120\\Tools\\Binn\\;C:\\Program Files\\Microsoft SQL Server\\130\\Tools\\Binn\\;C:\\Program Files (x86)\\nodejs\\;C:\\Program Files\\TortoiseGit\\bin;C:\\Program Files\\EmEditor;C:\\Program Files\\Git\\cmd;C:\\Program Files (x86)\\Skype\\Phone\\;C:\\wamp\\bin\\php\\php5.6.19;C:\\ProgramData\\ComposerSetup\\bin;C:\\Users\\asus\\AppData\\Roaming\\npm;C:\\Program Files (x86)\\Microsoft VS Code\\bin;C:\\Users\\asus\\AppData\\Roaming\\Composer\\vendor\\bin'
    'PATHEXT' => '.COM;.EXE;.BAT;.CMD;.VBS;.VBE;.JS;.JSE;.WSF;.WSH;.MSC'
    'PHP_COMMAND' => 'php.exe'
    'PROCESSOR_ARCHITECTURE' => 'x86'
    'PROCESSOR_ARCHITEW6432' => 'AMD64'
    'PROCESSOR_IDENTIFIER' => 'Intel64 Family 6 Model 69 Stepping 1, GenuineIntel'
    'PROCESSOR_LEVEL' => '6'
    'PROCESSOR_REVISION' => '4501'
    'ProgramData' => 'C:\\ProgramData'
    'ProgramFiles' => 'C:\\Program Files (x86)'
    'ProgramFiles(x86)' => 'C:\\Program Files (x86)'
    'ProgramW6432' => 'C:\\Program Files'
    'PROMPT' => '$P$G'
    'PSModulePath' => 'C:\\Windows\\system32\\WindowsPowerShell\\v1.0\\Modules\\'
    'PUBLIC' => 'C:\\Users\\Public'
    'SESSIONNAME' => 'Console'
    'SystemDrive' => 'C:'
    'SystemRoot' => 'C:\\Windows'
    'TEMP' => 'C:\\Users\\asus\\AppData\\Local\\Temp'
    'TMP' => 'C:\\Users\\asus\\AppData\\Local\\Temp'
    'USERDOMAIN' => 'asus-PC'
    'USERNAME' => 'asus'
    'USERPROFILE' => 'C:\\Users\\asus'
    'VS140COMNTOOLS' => 'C:\\Program Files (x86)\\Microsoft Visual Studio 14.0\\Common7\\Tools\\'
    'VSSDK140Install' => 'C:\\Program Files (x86)\\Microsoft Visual Studio 14.0\\VSSDK\\'
    'windir' => 'C:\\Windows'
    'windows_tracing_flags' => '3'
    'windows_tracing_logfile' => 'C:\\BVTBin\\Tests\\installpackage\\csilogfile.log'
    'YII_PATH' => 'C:\\wamp\\www\\advanced\\'
    'PHP_SELF' => 'C:\\wamp\\www\\advanced\\yii'
    'SCRIPT_NAME' => 'C:\\wamp\\www\\advanced\\yii'
    'SCRIPT_FILENAME' => 'C:\\wamp\\www\\advanced\\yii'
    'PATH_TRANSLATED' => 'C:\\wamp\\www\\advanced\\yii'
    'DOCUMENT_ROOT' => ''
    'REQUEST_TIME_FLOAT' => 1469392562.1098
    'REQUEST_TIME' => 1469392562
    'argv' => [
        0 => 'C:\\wamp\\www\\advanced\\yii'
        1 => 'migrate'
        2 => '--migrationPath=@yii/rbac/migrations'
    ]
    'argc' => 3
]
2016-07-24 20:39:17 [-][-][-][error][yii\base\InvalidConfigException] exception 'yii\base\InvalidConfigException' with message 'You should configure "authManager" component to use database before executing this migration.' in C:\wamp\www\advanced\vendor\yiisoft\yii2\rbac\migrations\m140506_102106_rbac_init.php:27
Stack trace:
#0 C:\wamp\www\advanced\vendor\yiisoft\yii2\rbac\migrations\m140506_102106_rbac_init.php(45): m140506_102106_rbac_init->getAuthManager()
#1 C:\wamp\www\advanced\vendor\yiisoft\yii2\console\controllers\BaseMigrateController.php(509): m140506_102106_rbac_init->up()
#2 C:\wamp\www\advanced\vendor\yiisoft\yii2\console\controllers\BaseMigrateController.php(130): yii\console\controllers\BaseMigrateController->migrateUp('m140506_102106_...')
#3 [internal function]: yii\console\controllers\BaseMigrateController->actionUp(0)
#4 C:\wamp\www\advanced\vendor\yiisoft\yii2\base\InlineAction.php(55): call_user_func_array(Array, Array)
#5 C:\wamp\www\advanced\vendor\yiisoft\yii2\base\Controller.php(154): yii\base\InlineAction->runWithParams(Array)
#6 C:\wamp\www\advanced\vendor\yiisoft\yii2\console\Controller.php(119): yii\base\Controller->runAction('', Array)
#7 C:\wamp\www\advanced\vendor\yiisoft\yii2\base\Module.php(454): yii\console\Controller->runAction('', Array)
#8 C:\wamp\www\advanced\vendor\yiisoft\yii2\console\Application.php(180): yii\base\Module->runAction('migrate', Array)
#9 C:\wamp\www\advanced\vendor\yiisoft\yii2\console\Application.php(147): yii\console\Application->runAction('migrate', Array)
#10 C:\wamp\www\advanced\vendor\yiisoft\yii2\base\Application.php(375): yii\console\Application->handleRequest(Object(yii\console\Request))
#11 C:\wamp\www\advanced\yii(27): yii\base\Application->run()
#12 {main}
2016-07-24 20:39:12 [-][-][-][info][application] $_SERVER = [
    'ALLUSERSPROFILE' => 'C:\\ProgramData'
    'APPDATA' => 'C:\\Users\\asus\\AppData\\Roaming'
    'CommonProgramFiles' => 'C:\\Program Files (x86)\\Common Files'
    'CommonProgramFiles(x86)' => 'C:\\Program Files (x86)\\Common Files'
    'CommonProgramW6432' => 'C:\\Program Files\\Common Files'
    'COMPUTERNAME' => 'ASUS-PC'
    'ComSpec' => 'C:\\Windows\\system32\\cmd.exe'
    'FP_NO_HOST_CHECK' => 'NO'
    'HOMEDRIVE' => 'C:'
    'HOMEPATH' => '\\Users\\asus'
    'LOCALAPPDATA' => 'C:\\Users\\asus\\AppData\\Local'
    'LOGONSERVER' => '\\\\ASUS-PC'
    'NUMBER_OF_PROCESSORS' => '4'
    'OS' => 'Windows_NT'
    'Path' => 'C:\\ImageMagick-7.0.2-Q16;C:\\RailsInstaller\\Git\\cmd;C:\\RailsInstaller\\Ruby2.2.0\\bin;C:\\Program Files (x86)\\NVIDIA Corporation\\PhysX\\Common;C:\\ProgramData\\Oracle\\Java\\javapath;C:\\Windows\\system32;C:\\Windows;C:\\Windows\\System32\\Wbem;C:\\Windows\\System32\\WindowsPowerShell\\v1.0\\;C:\\Windows\\syswow64\\config\\systemprofile\\.dnx\\bin;C:\\Program Files\\Microsoft DNX\\Dnvm\\;C:\\Program Files (x86)\\Windows Kits\\8.1\\Windows Performance Toolkit\\;C:\\Program Files\\Microsoft SQL Server\\120\\Tools\\Binn\\;C:\\Program Files\\Microsoft SQL Server\\130\\Tools\\Binn\\;C:\\Program Files (x86)\\nodejs\\;C:\\Program Files\\TortoiseGit\\bin;C:\\Program Files\\EmEditor;C:\\Program Files\\Git\\cmd;C:\\Program Files (x86)\\Skype\\Phone\\;C:\\wamp\\bin\\php\\php5.6.19;C:\\ProgramData\\ComposerSetup\\bin;C:\\Users\\asus\\AppData\\Roaming\\npm;C:\\Program Files (x86)\\Microsoft VS Code\\bin;C:\\Users\\asus\\AppData\\Roaming\\Composer\\vendor\\bin'
    'PATHEXT' => '.COM;.EXE;.BAT;.CMD;.VBS;.VBE;.JS;.JSE;.WSF;.WSH;.MSC'
    'PHP_COMMAND' => 'php.exe'
    'PROCESSOR_ARCHITECTURE' => 'x86'
    'PROCESSOR_ARCHITEW6432' => 'AMD64'
    'PROCESSOR_IDENTIFIER' => 'Intel64 Family 6 Model 69 Stepping 1, GenuineIntel'
    'PROCESSOR_LEVEL' => '6'
    'PROCESSOR_REVISION' => '4501'
    'ProgramData' => 'C:\\ProgramData'
    'ProgramFiles' => 'C:\\Program Files (x86)'
    'ProgramFiles(x86)' => 'C:\\Program Files (x86)'
    'ProgramW6432' => 'C:\\Program Files'
    'PROMPT' => '$P$G'
    'PSModulePath' => 'C:\\Windows\\system32\\WindowsPowerShell\\v1.0\\Modules\\'
    'PUBLIC' => 'C:\\Users\\Public'
    'SESSIONNAME' => 'Console'
    'SystemDrive' => 'C:'
    'SystemRoot' => 'C:\\Windows'
    'TEMP' => 'C:\\Users\\asus\\AppData\\Local\\Temp'
    'TMP' => 'C:\\Users\\asus\\AppData\\Local\\Temp'
    'USERDOMAIN' => 'asus-PC'
    'USERNAME' => 'asus'
    'USERPROFILE' => 'C:\\Users\\asus'
    'VS140COMNTOOLS' => 'C:\\Program Files (x86)\\Microsoft Visual Studio 14.0\\Common7\\Tools\\'
    'VSSDK140Install' => 'C:\\Program Files (x86)\\Microsoft Visual Studio 14.0\\VSSDK\\'
    'windir' => 'C:\\Windows'
    'windows_tracing_flags' => '3'
    'windows_tracing_logfile' => 'C:\\BVTBin\\Tests\\installpackage\\csilogfile.log'
    'YII_PATH' => 'C:\\wamp\\www\\advanced\\'
    'PHP_SELF' => 'C:\\wamp\\www\\advanced\\yii'
    'SCRIPT_NAME' => 'C:\\wamp\\www\\advanced\\yii'
    'SCRIPT_FILENAME' => 'C:\\wamp\\www\\advanced\\yii'
    'PATH_TRANSLATED' => 'C:\\wamp\\www\\advanced\\yii'
    'DOCUMENT_ROOT' => ''
    'REQUEST_TIME_FLOAT' => 1469392752.8448
    'REQUEST_TIME' => 1469392752
    'argv' => [
        0 => 'C:\\wamp\\www\\advanced\\yii'
        1 => 'migrate'
        2 => '--migrationPath=@yii/rbac/migrations'
    ]
    'argc' => 3
]
2016-07-24 20:41:54 [-][-][-][error][yii\base\InvalidConfigException] exception 'yii\base\InvalidConfigException' with message 'You should configure "authManager" component to use database before executing this migration.' in C:\wamp\www\advanced\vendor\yiisoft\yii2\rbac\migrations\m140506_102106_rbac_init.php:27
Stack trace:
#0 C:\wamp\www\advanced\vendor\yiisoft\yii2\rbac\migrations\m140506_102106_rbac_init.php(45): m140506_102106_rbac_init->getAuthManager()
#1 C:\wamp\www\advanced\vendor\yiisoft\yii2\console\controllers\BaseMigrateController.php(509): m140506_102106_rbac_init->up()
#2 C:\wamp\www\advanced\vendor\yiisoft\yii2\console\controllers\BaseMigrateController.php(130): yii\console\controllers\BaseMigrateController->migrateUp('m140506_102106_...')
#3 [internal function]: yii\console\controllers\BaseMigrateController->actionUp(0)
#4 C:\wamp\www\advanced\vendor\yiisoft\yii2\base\InlineAction.php(55): call_user_func_array(Array, Array)
#5 C:\wamp\www\advanced\vendor\yiisoft\yii2\base\Controller.php(154): yii\base\InlineAction->runWithParams(Array)
#6 C:\wamp\www\advanced\vendor\yiisoft\yii2\console\Controller.php(119): yii\base\Controller->runAction('', Array)
#7 C:\wamp\www\advanced\vendor\yiisoft\yii2\base\Module.php(454): yii\console\Controller->runAction('', Array)
#8 C:\wamp\www\advanced\vendor\yiisoft\yii2\console\Application.php(180): yii\base\Module->runAction('migrate', Array)
#9 C:\wamp\www\advanced\vendor\yiisoft\yii2\console\Application.php(147): yii\console\Application->runAction('migrate', Array)
#10 C:\wamp\www\advanced\vendor\yiisoft\yii2\base\Application.php(375): yii\console\Application->handleRequest(Object(yii\console\Request))
#11 C:\wamp\www\advanced\yii(27): yii\base\Application->run()
#12 {main}
2016-07-24 20:41:52 [-][-][-][info][application] $_SERVER = [
    'ALLUSERSPROFILE' => 'C:\\ProgramData'
    'APPDATA' => 'C:\\Users\\asus\\AppData\\Roaming'
    'CommonProgramFiles' => 'C:\\Program Files (x86)\\Common Files'
    'CommonProgramFiles(x86)' => 'C:\\Program Files (x86)\\Common Files'
    'CommonProgramW6432' => 'C:\\Program Files\\Common Files'
    'COMPUTERNAME' => 'ASUS-PC'
    'ComSpec' => 'C:\\Windows\\system32\\cmd.exe'
    'FP_NO_HOST_CHECK' => 'NO'
    'HOMEDRIVE' => 'C:'
    'HOMEPATH' => '\\Users\\asus'
    'LOCALAPPDATA' => 'C:\\Users\\asus\\AppData\\Local'
    'LOGONSERVER' => '\\\\ASUS-PC'
    'NUMBER_OF_PROCESSORS' => '4'
    'OS' => 'Windows_NT'
    'Path' => 'C:\\ImageMagick-7.0.2-Q16;C:\\RailsInstaller\\Git\\cmd;C:\\RailsInstaller\\Ruby2.2.0\\bin;C:\\Program Files (x86)\\NVIDIA Corporation\\PhysX\\Common;C:\\ProgramData\\Oracle\\Java\\javapath;C:\\Windows\\system32;C:\\Windows;C:\\Windows\\System32\\Wbem;C:\\Windows\\System32\\WindowsPowerShell\\v1.0\\;C:\\Windows\\syswow64\\config\\systemprofile\\.dnx\\bin;C:\\Program Files\\Microsoft DNX\\Dnvm\\;C:\\Program Files (x86)\\Windows Kits\\8.1\\Windows Performance Toolkit\\;C:\\Program Files\\Microsoft SQL Server\\120\\Tools\\Binn\\;C:\\Program Files\\Microsoft SQL Server\\130\\Tools\\Binn\\;C:\\Program Files (x86)\\nodejs\\;C:\\Program Files\\TortoiseGit\\bin;C:\\Program Files\\EmEditor;C:\\Program Files\\Git\\cmd;C:\\Program Files (x86)\\Skype\\Phone\\;C:\\wamp\\bin\\php\\php5.6.19;C:\\ProgramData\\ComposerSetup\\bin;C:\\Users\\asus\\AppData\\Roaming\\npm;C:\\Program Files (x86)\\Microsoft VS Code\\bin;C:\\Users\\asus\\AppData\\Roaming\\Composer\\vendor\\bin'
    'PATHEXT' => '.COM;.EXE;.BAT;.CMD;.VBS;.VBE;.JS;.JSE;.WSF;.WSH;.MSC'
    'PHP_COMMAND' => 'php.exe'
    'PROCESSOR_ARCHITECTURE' => 'x86'
    'PROCESSOR_ARCHITEW6432' => 'AMD64'
    'PROCESSOR_IDENTIFIER' => 'Intel64 Family 6 Model 69 Stepping 1, GenuineIntel'
    'PROCESSOR_LEVEL' => '6'
    'PROCESSOR_REVISION' => '4501'
    'ProgramData' => 'C:\\ProgramData'
    'ProgramFiles' => 'C:\\Program Files (x86)'
    'ProgramFiles(x86)' => 'C:\\Program Files (x86)'
    'ProgramW6432' => 'C:\\Program Files'
    'PROMPT' => '$P$G'
    'PSModulePath' => 'C:\\Windows\\system32\\WindowsPowerShell\\v1.0\\Modules\\'
    'PUBLIC' => 'C:\\Users\\Public'
    'SESSIONNAME' => 'Console'
    'SystemDrive' => 'C:'
    'SystemRoot' => 'C:\\Windows'
    'TEMP' => 'C:\\Users\\asus\\AppData\\Local\\Temp'
    'TMP' => 'C:\\Users\\asus\\AppData\\Local\\Temp'
    'USERDOMAIN' => 'asus-PC'
    'USERNAME' => 'asus'
    'USERPROFILE' => 'C:\\Users\\asus'
    'VS140COMNTOOLS' => 'C:\\Program Files (x86)\\Microsoft Visual Studio 14.0\\Common7\\Tools\\'
    'VSSDK140Install' => 'C:\\Program Files (x86)\\Microsoft Visual Studio 14.0\\VSSDK\\'
    'windir' => 'C:\\Windows'
    'windows_tracing_flags' => '3'
    'windows_tracing_logfile' => 'C:\\BVTBin\\Tests\\installpackage\\csilogfile.log'
    'YII_PATH' => 'C:\\wamp\\www\\advanced\\'
    'PHP_SELF' => 'C:\\wamp\\www\\advanced\\yii'
    'SCRIPT_NAME' => 'C:\\wamp\\www\\advanced\\yii'
    'SCRIPT_FILENAME' => 'C:\\wamp\\www\\advanced\\yii'
    'PATH_TRANSLATED' => 'C:\\wamp\\www\\advanced\\yii'
    'DOCUMENT_ROOT' => ''
    'REQUEST_TIME_FLOAT' => 1469392912.3687
    'REQUEST_TIME' => 1469392912
    'argv' => [
        0 => 'C:\\wamp\\www\\advanced\\yii'
        1 => 'migrate'
        2 => '--migrationPath=@yii/rbac/migrations'
    ]
    'argc' => 3
]
2016-07-24 20:43:03 [-][-][-][error][yii\base\InvalidConfigException] exception 'yii\base\InvalidConfigException' with message 'You should configure "authManager" component to use database before executing this migration.' in C:\wamp\www\advanced\vendor\yiisoft\yii2\rbac\migrations\m140506_102106_rbac_init.php:27
Stack trace:
#0 C:\wamp\www\advanced\vendor\yiisoft\yii2\rbac\migrations\m140506_102106_rbac_init.php(45): m140506_102106_rbac_init->getAuthManager()
#1 C:\wamp\www\advanced\vendor\yiisoft\yii2\console\controllers\BaseMigrateController.php(509): m140506_102106_rbac_init->up()
#2 C:\wamp\www\advanced\vendor\yiisoft\yii2\console\controllers\BaseMigrateController.php(130): yii\console\controllers\BaseMigrateController->migrateUp('m140506_102106_...')
#3 [internal function]: yii\console\controllers\BaseMigrateController->actionUp(0)
#4 C:\wamp\www\advanced\vendor\yiisoft\yii2\base\InlineAction.php(55): call_user_func_array(Array, Array)
#5 C:\wamp\www\advanced\vendor\yiisoft\yii2\base\Controller.php(154): yii\base\InlineAction->runWithParams(Array)
#6 C:\wamp\www\advanced\vendor\yiisoft\yii2\console\Controller.php(119): yii\base\Controller->runAction('', Array)
#7 C:\wamp\www\advanced\vendor\yiisoft\yii2\base\Module.php(454): yii\console\Controller->runAction('', Array)
#8 C:\wamp\www\advanced\vendor\yiisoft\yii2\console\Application.php(180): yii\base\Module->runAction('migrate', Array)
#9 C:\wamp\www\advanced\vendor\yiisoft\yii2\console\Application.php(147): yii\console\Application->runAction('migrate', Array)
#10 C:\wamp\www\advanced\vendor\yiisoft\yii2\base\Application.php(375): yii\console\Application->handleRequest(Object(yii\console\Request))
#11 C:\wamp\www\advanced\yii(27): yii\base\Application->run()
#12 {main}
2016-07-24 20:42:58 [-][-][-][info][application] $_SERVER = [
    'ALLUSERSPROFILE' => 'C:\\ProgramData'
    'APPDATA' => 'C:\\Users\\asus\\AppData\\Roaming'
    'CommonProgramFiles' => 'C:\\Program Files (x86)\\Common Files'
    'CommonProgramFiles(x86)' => 'C:\\Program Files (x86)\\Common Files'
    'CommonProgramW6432' => 'C:\\Program Files\\Common Files'
    'COMPUTERNAME' => 'ASUS-PC'
    'ComSpec' => 'C:\\Windows\\system32\\cmd.exe'
    'FP_NO_HOST_CHECK' => 'NO'
    'HOMEDRIVE' => 'C:'
    'HOMEPATH' => '\\Users\\asus'
    'LOCALAPPDATA' => 'C:\\Users\\asus\\AppData\\Local'
    'LOGONSERVER' => '\\\\ASUS-PC'
    'NUMBER_OF_PROCESSORS' => '4'
    'OS' => 'Windows_NT'
    'Path' => 'C:\\ImageMagick-7.0.2-Q16;C:\\RailsInstaller\\Git\\cmd;C:\\RailsInstaller\\Ruby2.2.0\\bin;C:\\Program Files (x86)\\NVIDIA Corporation\\PhysX\\Common;C:\\ProgramData\\Oracle\\Java\\javapath;C:\\Windows\\system32;C:\\Windows;C:\\Windows\\System32\\Wbem;C:\\Windows\\System32\\WindowsPowerShell\\v1.0\\;C:\\Windows\\syswow64\\config\\systemprofile\\.dnx\\bin;C:\\Program Files\\Microsoft DNX\\Dnvm\\;C:\\Program Files (x86)\\Windows Kits\\8.1\\Windows Performance Toolkit\\;C:\\Program Files\\Microsoft SQL Server\\120\\Tools\\Binn\\;C:\\Program Files\\Microsoft SQL Server\\130\\Tools\\Binn\\;C:\\Program Files (x86)\\nodejs\\;C:\\Program Files\\TortoiseGit\\bin;C:\\Program Files\\EmEditor;C:\\Program Files\\Git\\cmd;C:\\Program Files (x86)\\Skype\\Phone\\;C:\\wamp\\bin\\php\\php5.6.19;C:\\ProgramData\\ComposerSetup\\bin;C:\\Users\\asus\\AppData\\Roaming\\npm;C:\\Program Files (x86)\\Microsoft VS Code\\bin;C:\\Users\\asus\\AppData\\Roaming\\Composer\\vendor\\bin'
    'PATHEXT' => '.COM;.EXE;.BAT;.CMD;.VBS;.VBE;.JS;.JSE;.WSF;.WSH;.MSC'
    'PHP_COMMAND' => 'php.exe'
    'PROCESSOR_ARCHITECTURE' => 'x86'
    'PROCESSOR_ARCHITEW6432' => 'AMD64'
    'PROCESSOR_IDENTIFIER' => 'Intel64 Family 6 Model 69 Stepping 1, GenuineIntel'
    'PROCESSOR_LEVEL' => '6'
    'PROCESSOR_REVISION' => '4501'
    'ProgramData' => 'C:\\ProgramData'
    'ProgramFiles' => 'C:\\Program Files (x86)'
    'ProgramFiles(x86)' => 'C:\\Program Files (x86)'
    'ProgramW6432' => 'C:\\Program Files'
    'PROMPT' => '$P$G'
    'PSModulePath' => 'C:\\Windows\\system32\\WindowsPowerShell\\v1.0\\Modules\\'
    'PUBLIC' => 'C:\\Users\\Public'
    'SESSIONNAME' => 'Console'
    'SystemDrive' => 'C:'
    'SystemRoot' => 'C:\\Windows'
    'TEMP' => 'C:\\Users\\asus\\AppData\\Local\\Temp'
    'TMP' => 'C:\\Users\\asus\\AppData\\Local\\Temp'
    'USERDOMAIN' => 'asus-PC'
    'USERNAME' => 'asus'
    'USERPROFILE' => 'C:\\Users\\asus'
    'VS140COMNTOOLS' => 'C:\\Program Files (x86)\\Microsoft Visual Studio 14.0\\Common7\\Tools\\'
    'VSSDK140Install' => 'C:\\Program Files (x86)\\Microsoft Visual Studio 14.0\\VSSDK\\'
    'windir' => 'C:\\Windows'
    'windows_tracing_flags' => '3'
    'windows_tracing_logfile' => 'C:\\BVTBin\\Tests\\installpackage\\csilogfile.log'
    'YII_PATH' => 'C:\\wamp\\www\\advanced\\'
    'PHP_SELF' => 'C:\\wamp\\www\\advanced\\yii'
    'SCRIPT_NAME' => 'C:\\wamp\\www\\advanced\\yii'
    'SCRIPT_FILENAME' => 'C:\\wamp\\www\\advanced\\yii'
    'PATH_TRANSLATED' => 'C:\\wamp\\www\\advanced\\yii'
    'DOCUMENT_ROOT' => ''
    'REQUEST_TIME_FLOAT' => 1469392978.6314
    'REQUEST_TIME' => 1469392978
    'argv' => [
        0 => 'C:\\wamp\\www\\advanced\\yii'
        1 => 'migrate'
        2 => '--migrationPath=@yii/rbac/migrations'
    ]
    'argc' => 3
]
2016-07-24 20:46:19 [-][-][-][error][yii\db\Exception] exception 'PDOException' with message 'SQLSTATE[42S01]: Base table or view already exists: 1050 Table 'auth_item' already exists' in C:\wamp\www\advanced\vendor\yiisoft\yii2\db\Command.php:844
Stack trace:
#0 C:\wamp\www\advanced\vendor\yiisoft\yii2\db\Command.php(844): PDOStatement->execute()
#1 C:\wamp\www\advanced\vendor\yiisoft\yii2\db\Migration.php(260): yii\db\Command->execute()
#2 C:\wamp\www\advanced\vendor\yiisoft\yii2\rbac\migrations\m140506_102106_rbac_init.php(73): yii\db\Migration->createTable('{{%auth_item}}', Array, 'CHARACTER SET u...')
#3 C:\wamp\www\advanced\vendor\yiisoft\yii2\console\controllers\BaseMigrateController.php(509): m140506_102106_rbac_init->up()
#4 C:\wamp\www\advanced\vendor\yiisoft\yii2\console\controllers\BaseMigrateController.php(130): yii\console\controllers\BaseMigrateController->migrateUp('m140506_102106_...')
#5 [internal function]: yii\console\controllers\BaseMigrateController->actionUp(0)
#6 C:\wamp\www\advanced\vendor\yiisoft\yii2\base\InlineAction.php(55): call_user_func_array(Array, Array)
#7 C:\wamp\www\advanced\vendor\yiisoft\yii2\base\Controller.php(154): yii\base\InlineAction->runWithParams(Array)
#8 C:\wamp\www\advanced\vendor\yiisoft\yii2\console\Controller.php(119): yii\base\Controller->runAction('', Array)
#9 C:\wamp\www\advanced\vendor\yiisoft\yii2\base\Module.php(454): yii\console\Controller->runAction('', Array)
#10 C:\wamp\www\advanced\vendor\yiisoft\yii2\console\Application.php(180): yii\base\Module->runAction('migrate', Array)
#11 C:\wamp\www\advanced\vendor\yiisoft\yii2\console\Application.php(147): yii\console\Application->runAction('migrate', Array)
#12 C:\wamp\www\advanced\vendor\yiisoft\yii2\base\Application.php(375): yii\console\Application->handleRequest(Object(yii\console\Request))
#13 C:\wamp\www\advanced\yii(27): yii\base\Application->run()
#14 {main}

Next exception 'yii\db\Exception' with message 'SQLSTATE[42S01]: Base table or view already exists: 1050 Table 'auth_item' already exists
The SQL being executed was: CREATE TABLE `auth_item` (
	`name` varchar(64) NOT NULL,
	`type` int(11) NOT NULL,
	`description` text,
	`rule_name` varchar(64),
	`data` text,
	`created_at` int(11),
	`updated_at` int(11),
	PRIMARY KEY (name),
	FOREIGN KEY (rule_name) REFERENCES `auth_rule` (name) ON DELETE SET NULL ON UPDATE CASCADE
) CHARACTER SET utf8 COLLATE utf8_unicode_ci ENGINE=InnoDB' in C:\wamp\www\advanced\vendor\yiisoft\yii2\db\Schema.php:633
Stack trace:
#0 C:\wamp\www\advanced\vendor\yiisoft\yii2\db\Command.php(854): yii\db\Schema->convertException(Object(PDOException), 'CREATE TABLE `a...')
#1 C:\wamp\www\advanced\vendor\yiisoft\yii2\db\Migration.php(260): yii\db\Command->execute()
#2 C:\wamp\www\advanced\vendor\yiisoft\yii2\rbac\migrations\m140506_102106_rbac_init.php(73): yii\db\Migration->createTable('{{%auth_item}}', Array, 'CHARACTER SET u...')
#3 C:\wamp\www\advanced\vendor\yiisoft\yii2\console\controllers\BaseMigrateController.php(509): m140506_102106_rbac_init->up()
#4 C:\wamp\www\advanced\vendor\yiisoft\yii2\console\controllers\BaseMigrateController.php(130): yii\console\controllers\BaseMigrateController->migrateUp('m140506_102106_...')
#5 [internal function]: yii\console\controllers\BaseMigrateController->actionUp(0)
#6 C:\wamp\www\advanced\vendor\yiisoft\yii2\base\InlineAction.php(55): call_user_func_array(Array, Array)
#7 C:\wamp\www\advanced\vendor\yiisoft\yii2\base\Controller.php(154): yii\base\InlineAction->runWithParams(Array)
#8 C:\wamp\www\advanced\vendor\yiisoft\yii2\console\Controller.php(119): yii\base\Controller->runAction('', Array)
#9 C:\wamp\www\advanced\vendor\yiisoft\yii2\base\Module.php(454): yii\console\Controller->runAction('', Array)
#10 C:\wamp\www\advanced\vendor\yiisoft\yii2\console\Application.php(180): yii\base\Module->runAction('migrate', Array)
#11 C:\wamp\www\advanced\vendor\yiisoft\yii2\console\Application.php(147): yii\console\Application->runAction('migrate', Array)
#12 C:\wamp\www\advanced\vendor\yiisoft\yii2\base\Application.php(375): yii\console\Application->handleRequest(Object(yii\console\Request))
#13 C:\wamp\www\advanced\yii(27): yii\base\Application->run()
#14 {main}
Additional Information:
Array
(
    [0] => 42S01
    [1] => 1050
    [2] => Table 'auth_item' already exists
)

2016-07-24 20:46:15 [-][-][-][info][application] $_SERVER = [
    'ALLUSERSPROFILE' => 'C:\\ProgramData'
    'APPDATA' => 'C:\\Users\\asus\\AppData\\Roaming'
    'CommonProgramFiles' => 'C:\\Program Files (x86)\\Common Files'
    'CommonProgramFiles(x86)' => 'C:\\Program Files (x86)\\Common Files'
    'CommonProgramW6432' => 'C:\\Program Files\\Common Files'
    'COMPUTERNAME' => 'ASUS-PC'
    'ComSpec' => 'C:\\Windows\\system32\\cmd.exe'
    'FP_NO_HOST_CHECK' => 'NO'
    'HOMEDRIVE' => 'C:'
    'HOMEPATH' => '\\Users\\asus'
    'LOCALAPPDATA' => 'C:\\Users\\asus\\AppData\\Local'
    'LOGONSERVER' => '\\\\ASUS-PC'
    'NUMBER_OF_PROCESSORS' => '4'
    'OS' => 'Windows_NT'
    'Path' => 'C:\\ImageMagick-7.0.2-Q16;C:\\RailsInstaller\\Git\\cmd;C:\\RailsInstaller\\Ruby2.2.0\\bin;C:\\Program Files (x86)\\NVIDIA Corporation\\PhysX\\Common;C:\\ProgramData\\Oracle\\Java\\javapath;C:\\Windows\\system32;C:\\Windows;C:\\Windows\\System32\\Wbem;C:\\Windows\\System32\\WindowsPowerShell\\v1.0\\;C:\\Windows\\syswow64\\config\\systemprofile\\.dnx\\bin;C:\\Program Files\\Microsoft DNX\\Dnvm\\;C:\\Program Files (x86)\\Windows Kits\\8.1\\Windows Performance Toolkit\\;C:\\Program Files\\Microsoft SQL Server\\120\\Tools\\Binn\\;C:\\Program Files\\Microsoft SQL Server\\130\\Tools\\Binn\\;C:\\Program Files (x86)\\nodejs\\;C:\\Program Files\\TortoiseGit\\bin;C:\\Program Files\\EmEditor;C:\\Program Files\\Git\\cmd;C:\\Program Files (x86)\\Skype\\Phone\\;C:\\wamp\\bin\\php\\php5.6.19;C:\\ProgramData\\ComposerSetup\\bin;C:\\Users\\asus\\AppData\\Roaming\\npm;C:\\Program Files (x86)\\Microsoft VS Code\\bin;C:\\Users\\asus\\AppData\\Roaming\\Composer\\vendor\\bin'
    'PATHEXT' => '.COM;.EXE;.BAT;.CMD;.VBS;.VBE;.JS;.JSE;.WSF;.WSH;.MSC'
    'PHP_COMMAND' => 'php.exe'
    'PROCESSOR_ARCHITECTURE' => 'x86'
    'PROCESSOR_ARCHITEW6432' => 'AMD64'
    'PROCESSOR_IDENTIFIER' => 'Intel64 Family 6 Model 69 Stepping 1, GenuineIntel'
    'PROCESSOR_LEVEL' => '6'
    'PROCESSOR_REVISION' => '4501'
    'ProgramData' => 'C:\\ProgramData'
    'ProgramFiles' => 'C:\\Program Files (x86)'
    'ProgramFiles(x86)' => 'C:\\Program Files (x86)'
    'ProgramW6432' => 'C:\\Program Files'
    'PROMPT' => '$P$G'
    'PSModulePath' => 'C:\\Windows\\system32\\WindowsPowerShell\\v1.0\\Modules\\'
    'PUBLIC' => 'C:\\Users\\Public'
    'SESSIONNAME' => 'Console'
    'SystemDrive' => 'C:'
    'SystemRoot' => 'C:\\Windows'
    'TEMP' => 'C:\\Users\\asus\\AppData\\Local\\Temp'
    'TMP' => 'C:\\Users\\asus\\AppData\\Local\\Temp'
    'USERDOMAIN' => 'asus-PC'
    'USERNAME' => 'asus'
    'USERPROFILE' => 'C:\\Users\\asus'
    'VS140COMNTOOLS' => 'C:\\Program Files (x86)\\Microsoft Visual Studio 14.0\\Common7\\Tools\\'
    'VSSDK140Install' => 'C:\\Program Files (x86)\\Microsoft Visual Studio 14.0\\VSSDK\\'
    'windir' => 'C:\\Windows'
    'windows_tracing_flags' => '3'
    'windows_tracing_logfile' => 'C:\\BVTBin\\Tests\\installpackage\\csilogfile.log'
    'YII_PATH' => 'c:\\wamp\\www\\advanced\\'
    'PHP_SELF' => 'c:\\wamp\\www\\advanced\\yii'
    'SCRIPT_NAME' => 'c:\\wamp\\www\\advanced\\yii'
    'SCRIPT_FILENAME' => 'c:\\wamp\\www\\advanced\\yii'
    'PATH_TRANSLATED' => 'c:\\wamp\\www\\advanced\\yii'
    'DOCUMENT_ROOT' => ''
    'REQUEST_TIME_FLOAT' => 1469393175.9283
    'REQUEST_TIME' => 1469393175
    'argv' => [
        0 => 'c:\\wamp\\www\\advanced\\yii'
        1 => 'migrate'
        2 => '--migrationPath=@yii/rbac/migrations'
    ]
    'argc' => 3
]
